{
  "RSpec": {
    "coverage": {
      "/Users/Thoughtworker/Coding/ffstrike/app/controllers/home_controller.rb": [
        1,
        1,
        null
      ],
      "/Users/Thoughtworker/Coding/ffstrike/app/controllers/application_controller.rb": [
        1,
        null,
        null,
        1,
        null
      ],
      "/Users/Thoughtworker/Coding/ffstrike/spec/controllers/movements_controller_spec.rb": [
        1,
        null,
        1,
        1,
        1,
        1,
        null,
        1,
        null,
        null,
        null,
        1,
        1,
        1,
        null,
        1,
        null,
        null,
        1,
        1,
        2,
        null,
        null,
        1,
        1,
        null,
        1,
        null,
        null,
        null,
        1,
        1,
        2,
        null,
        null,
        1,
        1,
        null,
        1,
        null,
        null,
        null,
        null
      ],
      "/Users/Thoughtworker/Coding/ffstrike/app/controllers/movements_controller.rb": [
        1,
        1,
        1,
        null,
        null,
        1,
        5,
        5,
        2,
        null,
        3,
        null,
        null,
        null,
        1,
        null,
        1,
        5,
        null,
        null
      ],
      "/Users/Thoughtworker/Coding/ffstrike/spec/helpers/movements_helper_spec.rb": [
        1,
        null,
        null,
        null,
        null,
        null,
        null,
        null,
        null,
        null,
        null,
        null,
        1,
        null
      ],
      "/Users/Thoughtworker/Coding/ffstrike/spec/models/movement_spec.rb": [
        1,
        null,
        1,
        1,
        1,
        null,
        null,
        1,
        1,
        null,
        null
      ]
    },
    "timestamp": 1386874668
  }
}
